C:\USERS\NEW\DESKTOP\BUILD\REACTPHYSICS3D.DIR\DEBUG\CAPSULESHAPE.OBJ
C:\USERS\NEW\DESKTOP\BUILD\REACTPHYSICS3D.DIR\DEBUG\BOXSHAPE.OBJ
C:\USERS\NEW\DESKTOP\BUILD\REACTPHYSICS3D.DIR\DEBUG\CONCAVESHAPE.OBJ
C:\USERS\NEW\DESKTOP\BUILD\REACTPHYSICS3D.DIR\DEBUG\CONVEXSHAPE.OBJ
C:\USERS\NEW\DESKTOP\BUILD\REACTPHYSICS3D.DIR\DEBUG\AABB.OBJ
C:\USERS\NEW\DESKTOP\BUILD\REACTPHYSICS3D.DIR\DEBUG\CONCAVEVSCONVEXALGORITHM.OBJ
C:\USERS\NEW\DESKTOP\BUILD\REACTPHYSICS3D.DIR\DEBUG\SPHEREVSSPHEREALGORITHM.OBJ
C:\USERS\NEW\DESKTOP\BUILD\REACTPHYSICS3D.DIR\DEBUG\NARROWPHASEALGORITHM.OBJ
C:\USERS\NEW\DESKTOP\BUILD\REACTPHYSICS3D.DIR\DEBUG\GJKALGORITHM.OBJ
C:\USERS\NEW\DESKTOP\BUILD\REACTPHYSICS3D.DIR\DEBUG\SIMPLEX.OBJ
C:\USERS\NEW\DESKTOP\BUILD\REACTPHYSICS3D.DIR\DEBUG\TRIANGLESSTORE.OBJ
C:\USERS\NEW\DESKTOP\BUILD\REACTPHYSICS3D.DIR\DEBUG\TRIANGLEEPA.OBJ
C:\USERS\NEW\DESKTOP\BUILD\REACTPHYSICS3D.DIR\DEBUG\EPAALGORITHM.OBJ
C:\USERS\NEW\DESKTOP\BUILD\REACTPHYSICS3D.DIR\DEBUG\EDGEEPA.OBJ
C:\USERS\NEW\DESKTOP\BUILD\REACTPHYSICS3D.DIR\DEBUG\DEFAULTCOLLISIONDISPATCH.OBJ
C:\USERS\NEW\DESKTOP\BUILD\REACTPHYSICS3D.DIR\DEBUG\DYNAMICAABBTREE.OBJ
C:\USERS\NEW\DESKTOP\BUILD\REACTPHYSICS3D.DIR\DEBUG\BROADPHASEALGORITHM.OBJ
C:\USERS\NEW\DESKTOP\BUILD\REACTPHYSICS3D.DIR\DEBUG\RIGIDBODY.OBJ
C:\USERS\NEW\DESKTOP\BUILD\REACTPHYSICS3D.DIR\DEBUG\COLLISIONBODY.OBJ
C:\USERS\NEW\DESKTOP\BUILD\REACTPHYSICS3D.DIR\DEBUG\BODY.OBJ
C:\USERS\NEW\DESKTOP\BUILD\REACTPHYSICS3D.DIR\DEBUG\JOINT.OBJ
C:\USERS\NEW\DESKTOP\BUILD\REACTPHYSICS3D.DIR\DEBUG\HINGEJOINT.OBJ
C:\USERS\NEW\DESKTOP\BUILD\REACTPHYSICS3D.DIR\DEBUG\FIXEDJOINT.OBJ
C:\USERS\NEW\DESKTOP\BUILD\REACTPHYSICS3D.DIR\DEBUG\CONTACTPOINT.OBJ
C:\USERS\NEW\DESKTOP\BUILD\REACTPHYSICS3D.DIR\DEBUG\BALLANDSOCKETJOINT.OBJ
C:\USERS\NEW\DESKTOP\BUILD\REACTPHYSICS3D.DIR\DEBUG\CONTACTMANIFOLDSET.OBJ
C:\USERS\NEW\DESKTOP\BUILD\REACTPHYSICS3D.DIR\DEBUG\CONTACTMANIFOLD.OBJ
C:\USERS\NEW\DESKTOP\BUILD\REACTPHYSICS3D.DIR\DEBUG\COLLISIONDETECTION.OBJ
C:\USERS\NEW\DESKTOP\BUILD\REACTPHYSICS3D.DIR\DEBUG\TRIANGLEMESH.OBJ
C:\USERS\NEW\DESKTOP\BUILD\REACTPHYSICS3D.DIR\DEBUG\TRIANGLEVERTEXARRAY.OBJ
C:\USERS\NEW\DESKTOP\BUILD\REACTPHYSICS3D.DIR\DEBUG\PROXYSHAPE.OBJ
C:\USERS\NEW\DESKTOP\BUILD\REACTPHYSICS3D.DIR\DEBUG\RAYCASTINFO.OBJ
C:\USERS\NEW\DESKTOP\BUILD\REACTPHYSICS3D.DIR\DEBUG\HEIGHTFIELDSHAPE.OBJ
C:\USERS\NEW\DESKTOP\BUILD\REACTPHYSICS3D.DIR\DEBUG\CONCAVEMESHSHAPE.OBJ
C:\USERS\NEW\DESKTOP\BUILD\REACTPHYSICS3D.DIR\DEBUG\TRIANGLESHAPE.OBJ
C:\USERS\NEW\DESKTOP\BUILD\REACTPHYSICS3D.DIR\DEBUG\SPHERESHAPE.OBJ
C:\USERS\NEW\DESKTOP\BUILD\REACTPHYSICS3D.DIR\DEBUG\CYLINDERSHAPE.OBJ
C:\USERS\NEW\DESKTOP\BUILD\REACTPHYSICS3D.DIR\DEBUG\CONVEXMESHSHAPE.OBJ
C:\USERS\NEW\DESKTOP\BUILD\REACTPHYSICS3D.DIR\DEBUG\CONESHAPE.OBJ
C:\USERS\NEW\DESKTOP\BUILD\REACTPHYSICS3D.DIR\DEBUG\COLLISIONSHAPE.OBJ
C:\USERS\NEW\DESKTOP\BUILD\REACTPHYSICS3D.DIR\DEBUG\MEMORYALLOCATOR.OBJ
C:\USERS\NEW\DESKTOP\BUILD\REACTPHYSICS3D.DIR\DEBUG\VECTOR3.OBJ
C:\USERS\NEW\DESKTOP\BUILD\REACTPHYSICS3D.DIR\DEBUG\VECTOR2.OBJ
C:\USERS\NEW\DESKTOP\BUILD\REACTPHYSICS3D.DIR\DEBUG\TRANSFORM.OBJ
C:\USERS\NEW\DESKTOP\BUILD\REACTPHYSICS3D.DIR\DEBUG\QUATERNION.OBJ
C:\USERS\NEW\DESKTOP\BUILD\REACTPHYSICS3D.DIR\DEBUG\MATRIX3X3.OBJ
C:\USERS\NEW\DESKTOP\BUILD\REACTPHYSICS3D.DIR\DEBUG\MATRIX2X2.OBJ
C:\USERS\NEW\DESKTOP\BUILD\REACTPHYSICS3D.DIR\DEBUG\MATHEMATICS_FUNCTIONS.OBJ
C:\USERS\NEW\DESKTOP\BUILD\REACTPHYSICS3D.DIR\DEBUG\TIMER.OBJ
C:\USERS\NEW\DESKTOP\BUILD\REACTPHYSICS3D.DIR\DEBUG\PROFILER.OBJ
C:\USERS\NEW\DESKTOP\BUILD\REACTPHYSICS3D.DIR\DEBUG\OVERLAPPINGPAIR.OBJ
C:\USERS\NEW\DESKTOP\BUILD\REACTPHYSICS3D.DIR\DEBUG\MATERIAL.OBJ
C:\USERS\NEW\DESKTOP\BUILD\REACTPHYSICS3D.DIR\DEBUG\ISLAND.OBJ
C:\USERS\NEW\DESKTOP\BUILD\REACTPHYSICS3D.DIR\DEBUG\DYNAMICSWORLD.OBJ
C:\USERS\NEW\DESKTOP\BUILD\REACTPHYSICS3D.DIR\DEBUG\CONTACTSOLVER.OBJ
C:\USERS\NEW\DESKTOP\BUILD\REACTPHYSICS3D.DIR\DEBUG\CONSTRAINTSOLVER.OBJ
C:\USERS\NEW\DESKTOP\BUILD\REACTPHYSICS3D.DIR\DEBUG\COLLISIONWORLD.OBJ
C:\USERS\NEW\DESKTOP\BUILD\REACTPHYSICS3D.DIR\DEBUG\SLIDERJOINT.OBJ
C:\USERS\NEW\DESKTOP\BUILD\REACTPHYSICS3D.DIR\DEBUG\VC110.PDB
C:\USERS\NEW\DESKTOP\BUILD\CMAKEFILES\GENERATE.STAMP
C:\USERS\NEW\DESKTOP\BUILD\LIB\DEBUG\REACTPHYSICS3D.LIB
C:\Users\New\Desktop\Build\reactphysics3d.dir\Debug\cl.command.1.tlog
C:\Users\New\Desktop\Build\reactphysics3d.dir\Debug\CL.read.1.tlog
C:\Users\New\Desktop\Build\reactphysics3d.dir\Debug\CL.write.1.tlog
C:\Users\New\Desktop\Build\reactphysics3d.dir\Debug\custombuild.command.1.tlog
C:\Users\New\Desktop\Build\reactphysics3d.dir\Debug\custombuild.read.1.tlog
C:\Users\New\Desktop\Build\reactphysics3d.dir\Debug\custombuild.write.1.tlog
C:\Users\New\Desktop\Build\reactphysics3d.dir\Debug\Lib-link.read.1.tlog
C:\Users\New\Desktop\Build\reactphysics3d.dir\Debug\Lib-link.write.1.tlog
C:\Users\New\Desktop\Build\reactphysics3d.dir\Debug\lib.command.1.tlog
